0 info it worked if it ends with ok
1 verbose cli [ 'C:\\Program Files\\nodejs\\node.exe',
1 verbose cli   'C:\\Users\\Administrator\\AppData\\Roaming\\npm\\node_modules\\cnpm\\node_modules\\npm\\bin\\npm-cli.js',
1 verbose cli   '--userconfig=C:\\Users\\Administrator\\.cnpmrc',
1 verbose cli   '--disturl=https://npm.taobao.org/mirrors/node',
1 verbose cli   '--registry=https://registry.npm.taobao.org',
1 verbose cli   'publish' ]
2 info using npm@3.10.10
3 info using node@v8.0.0
4 verbose publish [ '.' ]
5 silly cache add args [ '.', null ]
6 verbose cache add spec .
7 silly cache add parsed spec Result {
7 silly cache add   raw: '.',
7 silly cache add   scope: null,
7 silly cache add   escapedName: null,
7 silly cache add   name: null,
7 silly cache add   rawSpec: '.',
7 silly cache add   spec: 'g:\\gitspace\\react-dragme\\libs\\react-dragme',
7 silly cache add   type: 'directory' }
8 verbose addLocalDirectory C:\Users\Administrator\AppData\Roaming\npm-cache\react-dragme\1.0.3\package.tgz not in flight; packing
9 verbose correctMkdir C:\Users\Administrator\AppData\Roaming\npm-cache correctMkdir not in flight; initializing
10 info lifecycle react-dragme@1.0.3~prepublish: react-dragme@1.0.3
11 verbose lifecycle react-dragme@1.0.3~prepublish: unsafe-perm in lifecycle true
12 verbose lifecycle react-dragme@1.0.3~prepublish: PATH: C:\Users\Administrator\AppData\Roaming\npm\node_modules\cnpm\node_modules\npm\bin\node-gyp-bin;g:\gitspace\react-dragme\libs\react-dragme\node_modules\.bin;C:\ProgramData\Oracle\Java\javapath;C:\Windows\system32;C:\Windows;C:\Windows\System32\Wbem;C:\Windows\System32\WindowsPowerShell\v1.0\;C:\Program Files (x86)\Windows7Master;C:\Program Files\TortoiseSVN\bin;C:\Program Files (x86)\NVIDIA Corporation\PhysX\Common;C:\Program Files\TortoiseGit\bin;C:\Program Files\Java\jdk1.7.0_79\bin;C:\Program Files\Java\jdk1.7.0_79\jre\bin;C:\Program Files\MongoDB\Server\3.4\bin;C:\Users\Administrator\AppData\Local\Android\Sdk\tools;C:\Users\Administrator\AppData\Local\Android\Sdk\platform-tools;C:\Program Files\nodejs\;e:\Program Files (x86)\Microsoft VS Code\bin;C:\Users\Administrator\AppData\Roaming\npm
13 verbose lifecycle react-dragme@1.0.3~prepublish: CWD: g:\gitspace\react-dragme\libs\react-dragme
14 silly lifecycle react-dragme@1.0.3~prepublish: Args: [ '/d /s /c', 'npm run build' ]
15 silly lifecycle react-dragme@1.0.3~prepublish: Returned: code: 1  signal: null
16 info lifecycle react-dragme@1.0.3~prepublish: Failed to exec prepublish script
17 error addLocal Could not install g:\gitspace\react-dragme\libs\react-dragme
18 verbose stack Error: react-dragme@1.0.3 prepublish: `npm run build`
18 verbose stack Exit status 1
18 verbose stack     at EventEmitter.<anonymous> (C:\Users\Administrator\AppData\Roaming\npm\node_modules\cnpm\node_modules\npm\lib\utils\lifecycle.js:255:16)
18 verbose stack     at emitTwo (events.js:125:13)
18 verbose stack     at EventEmitter.emit (events.js:213:7)
18 verbose stack     at ChildProcess.<anonymous> (C:\Users\Administrator\AppData\Roaming\npm\node_modules\cnpm\node_modules\npm\lib\utils\spawn.js:40:14)
18 verbose stack     at emitTwo (events.js:125:13)
18 verbose stack     at ChildProcess.emit (events.js:213:7)
18 verbose stack     at maybeClose (internal/child_process.js:887:16)
18 verbose stack     at Process.ChildProcess._handle.onexit (internal/child_process.js:208:5)
19 verbose pkgid react-dragme@1.0.3
20 verbose cwd g:\gitspace\react-dragme\libs\react-dragme
21 error Windows_NT 6.1.7601
22 error argv "C:\\Program Files\\nodejs\\node.exe" "C:\\Users\\Administrator\\AppData\\Roaming\\npm\\node_modules\\cnpm\\node_modules\\npm\\bin\\npm-cli.js" "--userconfig=C:\\Users\\Administrator\\.cnpmrc" "--disturl=https://npm.taobao.org/mirrors/node" "--registry=https://registry.npm.taobao.org" "publish"
23 error node v8.0.0
24 error npm  v3.10.10
25 error code ELIFECYCLE
26 error react-dragme@1.0.3 prepublish: `npm run build`
26 error Exit status 1
27 error Failed at the react-dragme@1.0.3 prepublish script 'npm run build'.
27 error Make sure you have the latest version of node.js and npm installed.
27 error If you do, this is most likely a problem with the react-dragme package,
27 error not with npm itself.
27 error Tell the author that this fails on your system:
27 error     npm run build
27 error You can get information on how to open an issue for this project with:
27 error     npm bugs react-dragme
27 error Or if that isn't available, you can get their info via:
27 error     npm owner ls react-dragme
27 error There is likely additional logging output above.
28 verbose exit [ 1, true ]
